
> frontend@0.1.0 build
> next build

 Ô¿» Failed to load next.config.ts, see more info here https://nextjs.org/docs/messages/next-config-error

> Build error occurred
[Error:   x Expected ';', '}' or <eof>
    ,-[3:1]
  1 |     import type { NextConfig } from "next";
  2 |     
  3 | ,-> webpack: (config) => {
  4 | |     config.externals.push('pino-pretty', 'lokijs', 'encoding');
  5 | |     return config;
  6 | |   },
  7 | |->   typescript: {
    : `---            ^
    : `---- This is the expression part of an expression statement
  8 |       ignoreBuildErrors: true,
  9 |       },
 10 |     eslint: {
    `----


Caused by:
    Syntax Error] {
  code: 'GenericFailure'
}
